<?xml version="1.0" encoding="UTF-8"?>
<!-- Generated by org.testng.reporters.JUnitReportReporter -->
<testsuite hostname="hplaptop" failures="0" tests="1" name="com.hotel.testcase.LogoutTestCase" time="11.687" errors="0" timestamp="11 Jan 2024 15:45:31 GMT" skipped="0">
  <testcase classname="com.hotel.testcase.LogoutTestCase" name="loginTC" time="11.687"/>
</testsuite> <!-- com.hotel.testcase.LogoutTestCase -->
