<?xml version="1.0" encoding="UTF-8"?>
<!-- Generated by org.testng.reporters.JUnitReportReporter -->
<testsuite hostname="hplaptop" failures="0" tests="1" name="com.hotel.testcase.LogoutTestCase" time="19.299" errors="0" timestamp="23 Dec 2023 08:00:05 GMT" skipped="0">
  <testcase classname="com.hotel.testcase.LogoutTestCase" name="loginTC" time="19.299"/>
</testsuite> <!-- com.hotel.testcase.LogoutTestCase -->
