<?xml version="1.0" encoding="UTF-8"?>
<!-- Generated by org.testng.reporters.JUnitReportReporter -->
<testsuite hostname="hplaptop" failures="0" tests="1" name="com.hotel.testcase.LoginTestcase" time="23.645" errors="0" timestamp="23 Dec 2023 10:00:16 GMT" skipped="0">
  <testcase classname="com.hotel.testcase.LoginTestcase" name="loginTC" time="23.645"/>
</testsuite> <!-- com.hotel.testcase.LoginTestcase -->
