<?xml version="1.0" encoding="UTF-8"?>
<!-- Generated by org.testng.reporters.JUnitReportReporter -->
<testsuite hostname="hplaptop" failures="0" tests="1" name="com.hotel.testcase.LoginTestcase" time="19.797" errors="0" timestamp="11 Jan 2024 15:45:31 GMT" skipped="0">
  <testcase classname="com.hotel.testcase.LoginTestcase" name="loginTC" time="19.797"/>
</testsuite> <!-- com.hotel.testcase.LoginTestcase -->
