<?xml version="1.0" encoding="UTF-8"?>
<!-- Generated by org.testng.reporters.JUnitReportReporter -->
<testsuite hostname="hplaptop" failures="0" tests="1" name="com.hotel.testcase.RegisterTestcase01" time="21.480" errors="1" timestamp="16 Dec 2023 13:18:10 GMT" skipped="0">
  <testcase classname="com.hotel.testcase.RegisterTestcase01" name="testCase01" time="21.480">
    <error message="Invalid memory access" type="java.lang.Error">
      <![CDATA[java.lang.Error: Invalid memory access
at com.sun.jna.Native.invokePointer(Native Method)
at com.sun.jna.Function.invokePointer(Function.java:497)
at com.sun.jna.Function.invoke(Function.java:441)
at com.sun.jna.Function.invoke(Function.java:361)
at com.sun.jna.Library$Handler.invoke(Library.java:270)
at jdk.proxy2/jdk.proxy2.$Proxy16.TessBaseAPIGetUTF8Text(Unknown Source)
at net.sourceforge.tess4j.Tesseract.getOCRText(Tesseract.java:532)
at net.sourceforge.tess4j.Tesseract.doOCR(Tesseract.java:374)
at net.sourceforge.tess4j.Tesseract.doOCR(Tesseract.java:243)
at net.sourceforge.tess4j.Tesseract.doOCR(Tesseract.java:210)
at com.hotel.pojoclass.RegisterPojo.setCaptchaimg(RegisterPojo.java:121)
at com.hotel.testcase.RegisterTestcase01.testCase01(RegisterTestcase01.java:22)
at java.base/jdk.internal.reflect.NativeMethodAccessorImpl.invoke0(Native Method)
at java.base/jdk.internal.reflect.NativeMethodAccessorImpl.invoke(NativeMethodAccessorImpl.java:77)
at java.base/jdk.internal.reflect.DelegatingMethodAccessorImpl.invoke(DelegatingMethodAccessorImpl.java:43)
at java.base/java.lang.reflect.Method.invoke(Method.java:568)
at org.testng.internal.MethodInvocationHelper.invokeMethod(MethodInvocationHelper.java:124)
at org.testng.internal.Invoker.invokeMethod(Invoker.java:583)
at org.testng.internal.Invoker.invokeTestMethod(Invoker.java:719)
at org.testng.internal.Invoker.invokeTestMethods(Invoker.java:989)
at org.testng.internal.TestMethodWorker.invokeTestMethods(TestMethodWorker.java:125)
at org.testng.internal.TestMethodWorker.run(TestMethodWorker.java:109)
at org.testng.TestRunner.privateRun(TestRunner.java:648)
at org.testng.TestRunner.run(TestRunner.java:505)
at org.testng.SuiteRunner.runTest(SuiteRunner.java:455)
at org.testng.SuiteRunner.runSequentially(SuiteRunner.java:450)
at org.testng.SuiteRunner.privateRun(SuiteRunner.java:415)
at org.testng.SuiteRunner.run(SuiteRunner.java:364)
at org.testng.SuiteRunnerWorker.runSuite(SuiteRunnerWorker.java:52)
at org.testng.SuiteRunnerWorker.run(SuiteRunnerWorker.java:84)
at org.testng.TestNG.runSuitesSequentially(TestNG.java:1208)
at org.testng.TestNG.runSuitesLocally(TestNG.java:1137)
at org.testng.TestNG.runSuites(TestNG.java:1049)
at org.testng.TestNG.run(TestNG.java:1017)
at org.testng.remote.AbstractRemoteTestNG.run(AbstractRemoteTestNG.java:115)
at org.testng.remote.RemoteTestNG.initAndRun(RemoteTestNG.java:251)
at org.testng.remote.RemoteTestNG.main(RemoteTestNG.java:77)
]]>
    </error>
  </testcase> <!-- testCase01 -->
</testsuite> <!-- com.hotel.testcase.RegisterTestcase01 -->
