<?xml version="1.0" encoding="UTF-8"?>
<!-- Generated by org.testng.reporters.JUnitReportReporter -->
<testsuite hostname="hplaptop" failures="0" tests="1" name="com.hotel.testcase.SearchTestcase" time="13.555" errors="0" timestamp="11 Jan 2024 15:45:31 GMT" skipped="0">
  <testcase classname="com.hotel.testcase.SearchTestcase" name="loginTC" time="13.555"/>
</testsuite> <!-- com.hotel.testcase.SearchTestcase -->
