<?xml version="1.0" encoding="UTF-8"?>
<!-- Generated by org.testng.reporters.JUnitReportReporter -->
<testsuite hostname="hplaptop" failures="0" tests="1" name="com.hotel.testcase.SearchTestcase" time="18.208" errors="0" timestamp="23 Dec 2023 07:08:56 GMT" skipped="0">
  <testcase classname="com.hotel.testcase.SearchTestcase" name="loginTC" time="18.208"/>
</testsuite> <!-- com.hotel.testcase.SearchTestcase -->
